# JRE version: Java(TM) SE Runtime Environment (8.0_31-b13) (build 1.8.0_31-b13)
# Java VM: Java HotSpot(TM) 64-Bit Server VM (25.31-b07 mixed mode windows-amd64 compressed oops)
Heap:
 PSYoungGen      total 117248K, used 16141K [0x00000000f5580000, 0x00000000fd280000, 0x0000000100000000)
  eden space 108544K, 14% used [0x00000000f5580000,0x00000000f650b510,0x00000000fbf80000)
  from space 8704K, 2% used [0x00000000fca00000,0x00000000fca38000,0x00000000fd280000)
  to   space 9728K, 0% used [0x00000000fbf80000,0x00000000fbf80000,0x00000000fc900000)
 ParOldGen       total 105984K, used 78033K [0x00000000e0000000, 0x00000000e6780000, 0x00000000f5580000)
  object space 105984K, 73% used [0x00000000e0000000,0x00000000e4c347d0,0x00000000e6780000)
 Metaspace       used 20875K, capacity 21500K, committed 21760K, reserved 1069056K
  class space    used 2831K, capacity 2991K, committed 3072K, reserved 1048576K
GC Heap History (10 events):
Event: 43.756 GC heap before
{Heap before GC invocations=17 (full 3):
 PSYoungGen      total 64000K, used 55296K [0x00000000f5580000, 0x00000000fb900000, 0x0000000100000000)
  eden space 55296K, 100% used [0x00000000f5580000,0x00000000f8b80000,0x00000000f8b80000)
  from space 8704K, 0% used [0x00000000f8b80000,0x00000000f8b80000,0x00000000f9400000)
  to   space 8192K, 0% used [0x00000000fb100000,0x00000000fb100000,0x00000000fb900000)
 ParOldGen       total 105984K, used 59781K [0x00000000e0000000, 0x00000000e6780000, 0x00000000f5580000)
  object space 105984K, 56% used [0x00000000e0000000,0x00000000e3a617f0,0x00000000e6780000)
 Metaspace       used 20153K, capacity 20798K, committed 21248K, reserved 1067008K
  class space    used 2787K, capacity 2952K, committed 3072K, reserved 1048576K
Event: 43.764 GC heap after
Heap after GC invocations=17 (full 3):
 PSYoungGen      total 80896K, used 6308K [0x00000000f5580000, 0x00000000fb780000, 0x0000000100000000)
  eden space 74240K, 0% used [0x00000000f5580000,0x00000000f5580000,0x00000000f9e00000)
  from space 6656K, 94% used [0x00000000fb100000,0x00000000fb729360,0x00000000fb780000)
  to   space 8704K, 0% used [0x00000000fa680000,0x00000000fa680000,0x00000000faf00000)
 ParOldGen       total 105984K, used 65254K [0x00000000e0000000, 0x00000000e6780000, 0x00000000f5580000)
  object space 105984K, 61% used [0x00000000e0000000,0x00000000e3fb9b40,0x00000000e6780000)
 Metaspace       used 20153K, capacity 20798K, committed 21248K, reserved 1067008K
  class space    used 2787K, capacity 2952K, committed 3072K, reserved 1048576K
}
Event: 103.712 GC heap before
{Heap before GC invocations=18 (full 3):
 PSYoungGen      total 80896K, used 80548K [0x00000000f5580000, 0x00000000fb780000, 0x0000000100000000)
  eden space 74240K, 100% used [0x00000000f5580000,0x00000000f9e00000,0x00000000f9e00000)
  from space 6656K, 94% used [0x00000000fb100000,0x00000000fb729360,0x00000000fb780000)
  to   space 8704K, 0% used [0x00000000fa680000,0x00000000fa680000,0x00000000faf00000)
 ParOldGen       total 105984K, used 65254K [0x00000000e0000000, 0x00000000e6780000, 0x00000000f5580000)
  object space 105984K, 61% used [0x00000000e0000000,0x00000000e3fb9b40,0x00000000e6780000)
 Metaspace       used 20816K, capacity 21436K, committed 21760K, reserved 1069056K
  class space    used 2830K, capacity 2991K, committed 3072K, reserved 1048576K
Event: 103.726 GC heap after
Heap after GC invocations=18 (full 3):
 PSYoungGen      total 91648K, used 6608K [0x00000000f5580000, 0x00000000fc580000, 0x0000000100000000)
  eden space 82944K, 0% used [0x00000000f5580000,0x00000000f5580000,0x00000000fa680000)
  from space 8704K, 75% used [0x00000000fa680000,0x00000000facf4010,0x00000000faf00000)
  to   space 9216K, 0% used [0x00000000fbc80000,0x00000000fbc80000,0x00000000fc580000)
 ParOldGen       total 105984K, used 71484K [0x00000000e0000000, 0x00000000e6780000, 0x00000000f5580000)
  object space 105984K, 67% used [0x00000000e0000000,0x00000000e45cf0d0,0x00000000e6780000)
 Metaspace       used 20816K, capacity 21436K, committed 21760K, reserved 1069056K
  class space    used 2830K, capacity 2991K, committed 3072K, reserved 1048576K
}
Event: 358.010 GC heap before
{Heap before GC invocations=19 (full 3):
 PSYoungGen      total 91648K, used 89552K [0x00000000f5580000, 0x00000000fc580000, 0x0000000100000000)
  eden space 82944K, 100% used [0x00000000f5580000,0x00000000fa680000,0x00000000fa680000)
  from space 8704K, 75% used [0x00000000fa680000,0x00000000facf4010,0x00000000faf00000)
  to   space 9216K, 0% used [0x00000000fbc80000,0x00000000fbc80000,0x00000000fc580000)
 ParOldGen       total 105984K, used 71484K [0x00000000e0000000, 0x00000000e6780000, 0x00000000f5580000)
  object space 105984K, 67% used [0x00000000e0000000,0x00000000e45cf0d0,0x00000000e6780000)
 Metaspace       used 20833K, capacity 21436K, committed 21760K, reserved 1069056K
  class space    used 2831K, capacity 2991K, committed 3072K, reserved 1048576K
Event: 358.019 GC heap after
Heap after GC invocations=19 (full 3):
 PSYoungGen      total 104960K, used 64K [0x00000000f5580000, 0x00000000fce80000, 0x0000000100000000)
  eden space 95744K, 0% used [0x00000000f5580000,0x00000000f5580000,0x00000000fb300000)
  from space 9216K, 0% used [0x00000000fbc80000,0x00000000fbc90000,0x00000000fc580000)
  to   space 9728K, 0% used [0x00000000fb300000,0x00000000fb300000,0x00000000fbc80000)
 ParOldGen       total 105984K, used 78033K [0x00000000e0000000, 0x00000000e6780000, 0x00000000f5580000)
  object space 105984K, 73% used [0x00000000e0000000,0x00000000e4c347d0,0x00000000e6780000)
 Metaspace       used 20833K, capacity 21436K, committed 21760K, reserved 1069056K
  class space    used 2831K, capacity 2991K, committed 3072K, reserved 1048576K
}
Event: 621.804 GC heap before
{Heap before GC invocations=20 (full 3):
 PSYoungGen      total 104960K, used 95808K [0x00000000f5580000, 0x00000000fce80000, 0x0000000100000000)
  eden space 95744K, 100% used [0x00000000f5580000,0x00000000fb300000,0x00000000fb300000)
  from space 9216K, 0% used [0x00000000fbc80000,0x00000000fbc90000,0x00000000fc580000)
  to   space 9728K, 0% used [0x00000000fb300000,0x00000000fb300000,0x00000000fbc80000)
 ParOldGen       total 105984K, used 78033K [0x00000000e0000000, 0x00000000e6780000, 0x00000000f5580000)
  object space 105984K, 73% used [0x00000000e0000000,0x00000000e4c347d0,0x00000000e6780000)
 Metaspace       used 20835K, capacity 21436K, committed 21760K, reserved 1069056K
  class space    used 2831K, capacity 2991K, committed 3072K, reserved 1048576K
Event: 621.874 GC heap after
Heap after GC invocations=20 (full 3):
 PSYoungGen      total 105472K, used 96K [0x00000000f5580000, 0x00000000fd380000, 0x0000000100000000)
  eden space 95744K, 0% used [0x00000000f5580000,0x00000000f5580000,0x00000000fb300000)
  from space 9728K, 0% used [0x00000000fb300000,0x00000000fb318000,0x00000000fbc80000)
  to   space 9728K, 0% used [0x00000000fca00000,0x00000000fca00000,0x00000000fd380000)
 ParOldGen       total 105984K, used 78033K [0x00000000e0000000, 0x00000000e6780000, 0x00000000f5580000)
  object space 105984K, 73% used [0x00000000e0000000,0x00000000e4c347d0,0x00000000e6780000)
 Metaspace       used 20835K, capacity 21436K, committed 21760K, reserved 1069056K
  class space    used 2831K, capacity 2991K, committed 3072K, reserved 1048576K
}
Event: 881.501 GC heap before
{Heap before GC invocations=21 (full 3):
 PSYoungGen      total 105472K, used 95840K [0x00000000f5580000, 0x00000000fd380000, 0x0000000100000000)
  eden space 95744K, 100% used [0x00000000f5580000,0x00000000fb300000,0x00000000fb300000)
  from space 9728K, 0% used [0x00000000fb300000,0x00000000fb318000,0x00000000fbc80000)
  to   space 9728K, 0% used [0x00000000fca00000,0x00000000fca00000,0x00000000fd380000)
 ParOldGen       total 105984K, used 78033K [0x00000000e0000000, 0x00000000e6780000, 0x00000000f5580000)
  object space 105984K, 73% used [0x00000000e0000000,0x00000000e4c347d0,0x00000000e6780000)
 Metaspace       used 20837K, capacity 21436K, committed 21760K, reserved 1069056K
  class space    used 2831K, capacity 2991K, committed 3072K, reserved 1048576K
Event: 889.269 GC heap after
Heap after GC invocations=21 (full 3):
 PSYoungGen      total 117248K, used 224K [0x00000000f5580000, 0x00000000fd280000, 0x0000000100000000)
  eden space 108544K, 0% used [0x00000000f5580000,0x00000000f5580000,0x00000000fbf80000)
  from space 8704K, 2% used [0x00000000fca00000,0x00000000fca38000,0x00000000fd280000)
  to   space 9728K, 0% used [0x00000000fbf80000,0x00000000fbf80000,0x00000000fc900000)
 ParOldGen       total 105984K, used 78033K [0x00000000e0000000, 0x00000000e6780000, 0x00000000f5580000)
  object space 105984K, 73% used [0x00000000e0000000,0x00000000e4c347d0,0x00000000e6780000)
 Metaspace       used 20837K, capacity 21436K, committed 21760K, reserved 1069056K
  class space    used 2831K, capacity 2991K, committed 3072K, reserved 1048576K
}

